2023-12-17 16:14:35.837 INFO [restartedMain:c.a.n.c.naming] initializer namespace from System Property : null
2023-12-17 16:14:35.837 INFO [restartedMain:c.a.n.c.naming] initializer namespace from System Environment :null
2023-12-17 16:14:35.837 INFO [restartedMain:c.a.n.c.naming] initializer namespace from System Property :null
2023-12-17 16:14:35.957 INFO [com.alibaba.nacos.client.remote.worker:c.a.n.c.naming] Grpc connection connect
2023-12-17 16:14:35.958 INFO [restartedMain:c.a.n.c.naming] [REGISTER-SERVICE] public registering service api-gateway with instance Instance{instanceId='null', ip='192.168.159.1', port=8090, weight=1.0, healthy=true, enabled=true, ephemeral=true, clusterName='DEFAULT', serviceName='null', metadata={IPv6=null, preserved.register.source=SPRING_CLOUD}}
2023-12-17 16:14:36.072 INFO [restartedMain:c.a.n.c.naming] initializer namespace from System Property : null
2023-12-17 16:14:36.072 INFO [restartedMain:c.a.n.c.naming] initializer namespace from System Environment :null
2023-12-17 16:14:36.073 INFO [restartedMain:c.a.n.c.naming] initializer namespace from System Property :null
2023-12-17 16:14:36.188 INFO [com.alibaba.nacos.client.remote.worker:c.a.n.c.naming] Grpc connection connect
2023-12-17 16:14:36.250 INFO [restartedMain:c.a.n.c.naming] [SUBSCRIBE-SERVICE] service:providers:com.lkjapi.lkjapicommon.service.ApiBackendService::, group:DEFAULT_GROUP, clusters: 
2023-12-17 16:14:36.258 INFO [restartedMain:c.a.n.c.naming] init new ips(1) service: DEFAULT_GROUP@@providers:com.lkjapi.lkjapicommon.service.ApiBackendService:: -> [{"instanceId":"192.168.159.1#20880#null#DEFAULT_GROUP@@providers:com.lkjapi.lkjapicommon.service.ApiBackendService::","ip":"192.168.159.1","port":20880,"weight":1.0,"healthy":true,"enabled":true,"ephemeral":true,"clusterName":"DEFAULT","serviceName":"DEFAULT_GROUP@@providers:com.lkjapi.lkjapicommon.service.ApiBackendService::","metadata":{"side":"provider","release":"3.0.9","methods":"recoverInterfaceStock,invokeCount,getInterFaceInfo,updateUserInterfaceInvokeCount,getLeftInvokeCount,updateInterfaceStock,getInterfaceById,getInvokeUser,getInterfaceStockById","deprecated":"false","dubbo":"2.0.2","pid":"28876","interface":"com.lkjapi.lkjapicommon.service.ApiBackendService","service-name-mapping":"true","generic":"false","revision":"0.0.1","path":"com.lkjapi.lkjapicommon.service.ApiBackendService","protocol":"dubbo","application":"dubbo-springboot-demo-provide","background":"false","dynamic":"true","category":"providers","anyhost":"true","timestamp":"1702800524060"},"ipDeleteTimeout":30000,"instanceHeartBeatInterval":5000,"instanceHeartBeatTimeOut":15000}]
2023-12-17 16:14:36.259 INFO [restartedMain:c.a.n.c.naming] current ips:(1) service: DEFAULT_GROUP@@providers:com.lkjapi.lkjapicommon.service.ApiBackendService:: -> [{"instanceId":"192.168.159.1#20880#null#DEFAULT_GROUP@@providers:com.lkjapi.lkjapicommon.service.ApiBackendService::","ip":"192.168.159.1","port":20880,"weight":1.0,"healthy":true,"enabled":true,"ephemeral":true,"clusterName":"DEFAULT","serviceName":"DEFAULT_GROUP@@providers:com.lkjapi.lkjapicommon.service.ApiBackendService::","metadata":{"side":"provider","release":"3.0.9","methods":"recoverInterfaceStock,invokeCount,getInterFaceInfo,updateUserInterfaceInvokeCount,getLeftInvokeCount,updateInterfaceStock,getInterfaceById,getInvokeUser,getInterfaceStockById","deprecated":"false","dubbo":"2.0.2","pid":"28876","interface":"com.lkjapi.lkjapicommon.service.ApiBackendService","service-name-mapping":"true","generic":"false","revision":"0.0.1","path":"com.lkjapi.lkjapicommon.service.ApiBackendService","protocol":"dubbo","application":"dubbo-springboot-demo-provide","background":"false","dynamic":"true","category":"providers","anyhost":"true","timestamp":"1702800524060"},"ipDeleteTimeout":30000,"instanceHeartBeatInterval":5000,"instanceHeartBeatTimeOut":15000}]
2023-12-17 16:14:36.260 INFO [restartedMain:c.a.n.c.naming] [SUBSCRIBE-SERVICE] service:providers:com.lkjapi.lkjapicommon.service.ApiBackendService, group:DEFAULT_GROUP, clusters: 
2023-12-17 16:14:36.261 INFO [restartedMain:c.a.n.c.naming] init new ips(0) service: DEFAULT_GROUP@@providers:com.lkjapi.lkjapicommon.service.ApiBackendService -> []
2023-12-17 16:14:36.262 INFO [restartedMain:c.a.n.c.naming] current ips:(0) service: DEFAULT_GROUP@@providers:com.lkjapi.lkjapicommon.service.ApiBackendService -> []
2023-12-17 16:14:36.365 INFO [restartedMain:c.a.n.c.naming] [SUBSCRIBE-SERVICE] service:providers:com.lkjapi.lkjapicommon.service.ApiBackendService::, group:DEFAULT_GROUP, clusters: 
2023-12-17 16:14:36.365 INFO [restartedMain:c.a.n.c.naming] [SUBSCRIBE-SERVICE] service:providers:com.lkjapi.lkjapicommon.service.ApiBackendService, group:DEFAULT_GROUP, clusters: 
2023-12-17 16:14:36.385 INFO [restartedMain:c.a.n.c.naming] initializer namespace from System Property : null
2023-12-17 16:14:36.385 INFO [restartedMain:c.a.n.c.naming] initializer namespace from System Environment :null
2023-12-17 16:14:36.385 INFO [restartedMain:c.a.n.c.naming] initializer namespace from System Property :null
2023-12-17 16:14:36.500 INFO [com.alibaba.nacos.client.remote.worker:c.a.n.c.naming] Grpc connection connect
2023-12-17 16:14:36.697 INFO [restartedMain:c.a.n.c.naming] [SUBSCRIBE-SERVICE] service:dubbo-springboot-demo-provide, group:DEFAULT_GROUP, clusters: 
2023-12-17 16:14:36.699 INFO [restartedMain:c.a.n.c.naming] init new ips(1) service: DEFAULT_GROUP@@dubbo-springboot-demo-provide -> [{"instanceId":"192.168.159.1#20880#null#DEFAULT_GROUP@@dubbo-springboot-demo-provide","ip":"192.168.159.1","port":20880,"weight":1.0,"healthy":true,"enabled":true,"ephemeral":true,"clusterName":"DEFAULT","serviceName":"DEFAULT_GROUP@@dubbo-springboot-demo-provide","metadata":{"dubbo.metadata-service.url-params":"{\"connections\":\"1\",\"version\":\"1.0.0\",\"dubbo\":\"2.0.2\",\"release\":\"3.0.9\",\"side\":\"provider\",\"port\":\"20880\",\"protocol\":\"dubbo\"}","dubbo.endpoints":"[{\"port\":20880,\"protocol\":\"dubbo\"}]","dubbo.metadata.revision":"fd36cacbc127f4e159ed168f361864e5","dubbo.metadata.storage-type":"local","timestamp":"1702800524060"},"ipDeleteTimeout":30000,"instanceHeartBeatInterval":5000,"instanceHeartBeatTimeOut":15000}]
2023-12-17 16:14:36.699 INFO [restartedMain:c.a.n.c.naming] current ips:(1) service: DEFAULT_GROUP@@dubbo-springboot-demo-provide -> [{"instanceId":"192.168.159.1#20880#null#DEFAULT_GROUP@@dubbo-springboot-demo-provide","ip":"192.168.159.1","port":20880,"weight":1.0,"healthy":true,"enabled":true,"ephemeral":true,"clusterName":"DEFAULT","serviceName":"DEFAULT_GROUP@@dubbo-springboot-demo-provide","metadata":{"dubbo.metadata-service.url-params":"{\"connections\":\"1\",\"version\":\"1.0.0\",\"dubbo\":\"2.0.2\",\"release\":\"3.0.9\",\"side\":\"provider\",\"port\":\"20880\",\"protocol\":\"dubbo\"}","dubbo.endpoints":"[{\"port\":20880,\"protocol\":\"dubbo\"}]","dubbo.metadata.revision":"fd36cacbc127f4e159ed168f361864e5","dubbo.metadata.storage-type":"local","timestamp":"1702800524060"},"ipDeleteTimeout":30000,"instanceHeartBeatInterval":5000,"instanceHeartBeatTimeOut":15000}]
2023-12-17 16:14:36.786 INFO [restartedMain:c.a.n.c.naming] [SUBSCRIBE-SERVICE] service:dubbo-springboot-demo-provide, group:DEFAULT_GROUP, clusters: 
2023-12-17 16:14:37.042 INFO [restartedMain:c.a.n.c.naming] [SUBSCRIBE-SERVICE] service:providers:org.apache.dubbo.metadata.MetadataService:1.0.0:dubbo, group:DEFAULT_GROUP, clusters: 
2023-12-17 16:14:37.043 INFO [restartedMain:c.a.n.c.naming] init new ips(0) service: DEFAULT_GROUP@@providers:org.apache.dubbo.metadata.MetadataService:1.0.0:dubbo -> []
2023-12-17 16:14:37.043 INFO [restartedMain:c.a.n.c.naming] current ips:(0) service: DEFAULT_GROUP@@providers:org.apache.dubbo.metadata.MetadataService:1.0.0:dubbo -> []
2023-12-17 16:14:37.044 INFO [restartedMain:c.a.n.c.naming] [SUBSCRIBE-SERVICE] service:providers:org.apache.dubbo.metadata.MetadataService:1.0.0:dubbo, group:DEFAULT_GROUP, clusters: 
2023-12-17 16:14:48.615 INFO [boundedElastic-1:c.a.n.c.naming] [SUBSCRIBE-SERVICE] service:api-backend, group:DEFAULT_GROUP, clusters: 
2023-12-17 16:14:48.617 INFO [boundedElastic-1:c.a.n.c.naming] init new ips(0) service: DEFAULT_GROUP@@api-backend -> []
2023-12-17 16:14:48.617 INFO [boundedElastic-1:c.a.n.c.naming] current ips:(0) service: DEFAULT_GROUP@@api-backend -> []
2023-12-17 16:20:42.848 INFO [SpringApplicationShutdownHook:c.a.n.c.naming] [DEREGISTER-SERVICE] public deregistering service consumers:com.lkjapi.lkjapicommon.service.ApiBackendService:: with instance: Instance{instanceId='null', ip='192.168.159.1', port=0, weight=1.0, healthy=true, enabled=true, ephemeral=true, clusterName='DEFAULT', serviceName='null', metadata={}}
2023-12-17 16:20:42.848 INFO [DubboShutdownHook:c.a.n.c.naming] com.alibaba.nacos.client.naming.cache.ServiceInfoHolder do shutdown begin
2023-12-17 16:20:42.848 INFO [DubboShutdownHook:c.a.n.c.naming] com.alibaba.nacos.client.naming.backups.FailoverReactor do shutdown begin
2023-12-17 16:20:42.849 INFO [DubboShutdownHook:c.a.n.c.naming] com.alibaba.nacos.client.naming.backups.FailoverReactor do shutdown stop
2023-12-17 16:20:42.849 INFO [DubboShutdownHook:c.a.n.c.naming] com.alibaba.nacos.client.naming.cache.ServiceInfoHolder do shutdown stop
2023-12-17 16:20:42.849 INFO [DubboShutdownHook:c.a.n.c.naming] com.alibaba.nacos.client.naming.remote.NamingClientProxyDelegate do shutdown begin
2023-12-17 16:20:42.849 INFO [DubboShutdownHook:c.a.n.c.naming] com.alibaba.nacos.client.naming.core.ServiceInfoUpdateService do shutdown begin
2023-12-17 16:20:42.855 INFO [SpringApplicationShutdownHook:c.a.n.c.naming] [DEREGISTER-SERVICE] public deregistering service api-gateway with instance: Instance{instanceId='null', ip='192.168.159.1', port=8090, weight=1.0, healthy=true, enabled=true, ephemeral=true, clusterName='DEFAULT', serviceName='null', metadata={}}
2023-12-17 16:20:42.856 INFO [SpringApplicationShutdownHook:c.a.n.c.naming] com.alibaba.nacos.client.naming.cache.ServiceInfoHolder do shutdown begin
2023-12-17 16:20:42.856 INFO [SpringApplicationShutdownHook:c.a.n.c.naming] com.alibaba.nacos.client.naming.backups.FailoverReactor do shutdown begin
2023-12-17 16:20:42.856 INFO [SpringApplicationShutdownHook:c.a.n.c.naming] com.alibaba.nacos.client.naming.backups.FailoverReactor do shutdown stop
2023-12-17 16:20:42.856 INFO [SpringApplicationShutdownHook:c.a.n.c.naming] com.alibaba.nacos.client.naming.cache.ServiceInfoHolder do shutdown stop
2023-12-17 16:20:42.856 INFO [SpringApplicationShutdownHook:c.a.n.c.naming] com.alibaba.nacos.client.naming.remote.NamingClientProxyDelegate do shutdown begin
2023-12-17 16:20:42.856 INFO [SpringApplicationShutdownHook:c.a.n.c.naming] com.alibaba.nacos.client.naming.core.ServiceInfoUpdateService do shutdown begin
2023-12-17 16:20:43.171 INFO [DubboShutdownHook:c.a.n.c.naming] com.alibaba.nacos.client.naming.core.ServiceInfoUpdateService do shutdown stop
2023-12-17 16:20:43.171 INFO [DubboShutdownHook:c.a.n.c.naming] com.alibaba.nacos.client.naming.core.ServerListManager do shutdown begin
2023-12-17 16:20:43.171 WARN [DubboShutdownHook:c.a.n.c.naming] [NamingHttpClientManager] Start destroying NacosRestTemplate
2023-12-17 16:20:43.171 WARN [DubboShutdownHook:c.a.n.c.naming] [NamingHttpClientManager] Destruction of the end
2023-12-17 16:20:43.171 INFO [DubboShutdownHook:c.a.n.c.naming] com.alibaba.nacos.client.naming.core.ServerListManager do shutdown stop
2023-12-17 16:20:43.171 INFO [DubboShutdownHook:c.a.n.c.naming] com.alibaba.nacos.client.naming.remote.http.NamingHttpClientProxy do shutdown begin
2023-12-17 16:20:43.171 INFO [DubboShutdownHook:c.a.n.c.naming] com.alibaba.nacos.client.naming.beat.BeatReactor do shutdown begin
2023-12-17 16:20:43.171 INFO [DubboShutdownHook:c.a.n.c.naming] com.alibaba.nacos.client.naming.beat.BeatReactor do shutdown stop
2023-12-17 16:20:43.171 WARN [DubboShutdownHook:c.a.n.c.naming] [NamingHttpClientManager] Start destroying NacosRestTemplate
2023-12-17 16:20:43.171 WARN [DubboShutdownHook:c.a.n.c.naming] [NamingHttpClientManager] Destruction of the end
2023-12-17 16:20:43.171 INFO [DubboShutdownHook:c.a.n.c.naming] com.alibaba.nacos.client.naming.remote.http.NamingHttpClientProxy do shutdown stop
2023-12-17 16:20:43.174 INFO [DubboShutdownHook:c.a.n.c.naming] Shutdown grpc redo service executor java.util.concurrent.ScheduledThreadPoolExecutor@31088e69[Running, pool size = 1, active threads = 0, queued tasks = 1, completed tasks = 121]
2023-12-17 16:20:43.174 INFO [DubboShutdownHook:c.a.n.c.naming] com.alibaba.nacos.client.naming.remote.NamingClientProxyDelegate do shutdown stop
2023-12-17 16:20:43.186 INFO [SpringApplicationShutdownHook:c.a.n.c.naming] com.alibaba.nacos.client.naming.core.ServiceInfoUpdateService do shutdown stop
2023-12-17 16:20:43.186 INFO [SpringApplicationShutdownHook:c.a.n.c.naming] com.alibaba.nacos.client.naming.core.ServerListManager do shutdown begin
2023-12-17 16:20:43.186 WARN [SpringApplicationShutdownHook:c.a.n.c.naming] [NamingHttpClientManager] Start destroying NacosRestTemplate
2023-12-17 16:20:43.186 WARN [SpringApplicationShutdownHook:c.a.n.c.naming] [NamingHttpClientManager] Destruction of the end
2023-12-17 16:20:43.186 INFO [SpringApplicationShutdownHook:c.a.n.c.naming] com.alibaba.nacos.client.naming.core.ServerListManager do shutdown stop
2023-12-17 16:20:43.186 INFO [SpringApplicationShutdownHook:c.a.n.c.naming] com.alibaba.nacos.client.naming.remote.http.NamingHttpClientProxy do shutdown begin
2023-12-17 16:20:43.186 INFO [SpringApplicationShutdownHook:c.a.n.c.naming] com.alibaba.nacos.client.naming.beat.BeatReactor do shutdown begin
2023-12-17 16:20:43.186 INFO [SpringApplicationShutdownHook:c.a.n.c.naming] com.alibaba.nacos.client.naming.beat.BeatReactor do shutdown stop
2023-12-17 16:20:43.186 WARN [SpringApplicationShutdownHook:c.a.n.c.naming] [NamingHttpClientManager] Start destroying NacosRestTemplate
2023-12-17 16:20:43.186 WARN [SpringApplicationShutdownHook:c.a.n.c.naming] [NamingHttpClientManager] Destruction of the end
2023-12-17 16:20:43.186 INFO [SpringApplicationShutdownHook:c.a.n.c.naming] com.alibaba.nacos.client.naming.remote.http.NamingHttpClientProxy do shutdown stop
2023-12-17 16:20:43.186 INFO [SpringApplicationShutdownHook:c.a.n.c.naming] Shutdown grpc redo service executor java.util.concurrent.ScheduledThreadPoolExecutor@5b8f2f51[Running, pool size = 1, active threads = 0, queued tasks = 1, completed tasks = 122]
2023-12-17 16:20:43.187 INFO [SpringApplicationShutdownHook:c.a.n.c.naming] com.alibaba.nacos.client.naming.remote.NamingClientProxyDelegate do shutdown stop
