2023-12-18 22:19:30.341 INFO [restartedMain:c.a.n.c.r.client] [RpcClientFactory] create a new rpc client of 8136ea6a-af1e-4d3e-becd-b894b5b740ae_config-0
2023-12-18 22:19:30.409 INFO [restartedMain:c.a.n.c.r.client] [8136ea6a-af1e-4d3e-becd-b894b5b740ae_config-0] RpcClient init label, labels = {module=config, Vipserver-Tag=null, source=sdk, Amory-Tag=null, Location-Tag=null, taskId=0, AppName=unknown}
2023-12-18 22:19:30.410 INFO [restartedMain:c.a.n.c.r.client] [8136ea6a-af1e-4d3e-becd-b894b5b740ae_config-0] Register server push request handler:com.alibaba.nacos.client.config.impl.ClientWorker$ConfigRpcTransportClient$$Lambda$714/588891640
2023-12-18 22:19:30.410 INFO [restartedMain:c.a.n.c.r.client] [8136ea6a-af1e-4d3e-becd-b894b5b740ae_config-0] Register server push request handler:com.alibaba.nacos.client.config.impl.ClientWorker$ConfigRpcTransportClient$$Lambda$715/856541430
2023-12-18 22:19:30.410 INFO [restartedMain:c.a.n.c.r.client] [8136ea6a-af1e-4d3e-becd-b894b5b740ae_config-0] Registry connection listener to current client:com.alibaba.nacos.client.config.impl.ClientWorker$ConfigRpcTransportClient$1
2023-12-18 22:19:30.411 INFO [restartedMain:c.a.n.c.r.client] [8136ea6a-af1e-4d3e-becd-b894b5b740ae_config-0] RpcClient init, ServerListFactory = com.alibaba.nacos.client.config.impl.ClientWorker$ConfigRpcTransportClient$2
2023-12-18 22:19:30.417 INFO [restartedMain:c.a.n.c.r.client] [8136ea6a-af1e-4d3e-becd-b894b5b740ae_config-0] Try to connect to server on start up, server: {serverIp = 'localhost', server main port = 8848}
2023-12-18 22:19:32.469 ERROR [nacos-grpc-client-executor-localhost-5:c.a.n.c.r.c.g.GrpcClient] [1702909172283_127.0.0.1_50398]Error to process server push response: {"headers":{},"abilityTable":{"supportPersistentInstanceByGrpc":true},"module":"internal"}
2023-12-18 22:19:32.560 INFO [restartedMain:c.a.n.c.r.client] [8136ea6a-af1e-4d3e-becd-b894b5b740ae_config-0] Success to connect to server [localhost:8848] on start up, connectionId = 1702909172283_127.0.0.1_50398
2023-12-18 22:19:32.561 INFO [com.alibaba.nacos.client.remote.worker:c.a.n.c.r.client] [8136ea6a-af1e-4d3e-becd-b894b5b740ae_config-0] Notify connected event to listeners.
2023-12-18 22:19:32.561 INFO [restartedMain:c.a.n.c.r.client] [8136ea6a-af1e-4d3e-becd-b894b5b740ae_config-0] Register server push request handler:com.alibaba.nacos.common.remote.client.RpcClient$ConnectResetRequestHandler
2023-12-18 22:19:32.561 INFO [restartedMain:c.a.n.c.r.client] [8136ea6a-af1e-4d3e-becd-b894b5b740ae_config-0] Register server push request handler:com.alibaba.nacos.common.remote.client.RpcClient$$Lambda$723/1430783846
2023-12-18 22:35:33.047 INFO [restartedMain:c.a.n.c.r.client] [RpcClientFactory] create a new rpc client of 4d360345-2fa2-46ff-a90c-2fd45a5ff4c1_config-0
2023-12-18 22:35:33.105 INFO [restartedMain:c.a.n.c.r.client] [4d360345-2fa2-46ff-a90c-2fd45a5ff4c1_config-0] RpcClient init label, labels = {module=config, Vipserver-Tag=null, source=sdk, Amory-Tag=null, Location-Tag=null, taskId=0, AppName=unknown}
2023-12-18 22:35:33.106 INFO [restartedMain:c.a.n.c.r.client] [4d360345-2fa2-46ff-a90c-2fd45a5ff4c1_config-0] Register server push request handler:com.alibaba.nacos.client.config.impl.ClientWorker$ConfigRpcTransportClient$$Lambda$714/1186910568
2023-12-18 22:35:33.106 INFO [restartedMain:c.a.n.c.r.client] [4d360345-2fa2-46ff-a90c-2fd45a5ff4c1_config-0] Register server push request handler:com.alibaba.nacos.client.config.impl.ClientWorker$ConfigRpcTransportClient$$Lambda$715/93154323
2023-12-18 22:35:33.106 INFO [restartedMain:c.a.n.c.r.client] [4d360345-2fa2-46ff-a90c-2fd45a5ff4c1_config-0] Registry connection listener to current client:com.alibaba.nacos.client.config.impl.ClientWorker$ConfigRpcTransportClient$1
2023-12-18 22:35:33.107 INFO [restartedMain:c.a.n.c.r.client] [4d360345-2fa2-46ff-a90c-2fd45a5ff4c1_config-0] RpcClient init, ServerListFactory = com.alibaba.nacos.client.config.impl.ClientWorker$ConfigRpcTransportClient$2
2023-12-18 22:35:33.113 INFO [restartedMain:c.a.n.c.r.client] [4d360345-2fa2-46ff-a90c-2fd45a5ff4c1_config-0] Try to connect to server on start up, server: {serverIp = 'localhost', server main port = 8848}
2023-12-18 22:35:34.699 ERROR [nacos-grpc-client-executor-localhost-5:c.a.n.c.r.c.g.GrpcClient] [1702910134622_127.0.0.1_52838]Error to process server push response: {"headers":{},"abilityTable":{"supportPersistentInstanceByGrpc":true},"module":"internal"}
2023-12-18 22:35:34.797 INFO [restartedMain:c.a.n.c.r.client] [4d360345-2fa2-46ff-a90c-2fd45a5ff4c1_config-0] Success to connect to server [localhost:8848] on start up, connectionId = 1702910134622_127.0.0.1_52838
2023-12-18 22:35:34.797 INFO [com.alibaba.nacos.client.remote.worker:c.a.n.c.r.client] [4d360345-2fa2-46ff-a90c-2fd45a5ff4c1_config-0] Notify connected event to listeners.
2023-12-18 22:35:34.798 INFO [restartedMain:c.a.n.c.r.client] [4d360345-2fa2-46ff-a90c-2fd45a5ff4c1_config-0] Register server push request handler:com.alibaba.nacos.common.remote.client.RpcClient$ConnectResetRequestHandler
2023-12-18 22:35:34.798 INFO [restartedMain:c.a.n.c.r.client] [4d360345-2fa2-46ff-a90c-2fd45a5ff4c1_config-0] Register server push request handler:com.alibaba.nacos.common.remote.client.RpcClient$$Lambda$723/642012293
2023-12-21 21:57:22.643 INFO [restartedMain:c.a.n.c.r.client] [RpcClientFactory] create a new rpc client of dc303019-43da-49fe-a595-14ed5d71bff2_config-0
2023-12-21 21:57:22.707 INFO [restartedMain:c.a.n.c.r.client] [dc303019-43da-49fe-a595-14ed5d71bff2_config-0] RpcClient init label, labels = {module=config, Vipserver-Tag=null, source=sdk, Amory-Tag=null, Location-Tag=null, taskId=0, AppName=unknown}
2023-12-21 21:57:22.707 INFO [restartedMain:c.a.n.c.r.client] [dc303019-43da-49fe-a595-14ed5d71bff2_config-0] Register server push request handler:com.alibaba.nacos.client.config.impl.ClientWorker$ConfigRpcTransportClient$$Lambda$707/1119841114
2023-12-21 21:57:22.708 INFO [restartedMain:c.a.n.c.r.client] [dc303019-43da-49fe-a595-14ed5d71bff2_config-0] Register server push request handler:com.alibaba.nacos.client.config.impl.ClientWorker$ConfigRpcTransportClient$$Lambda$708/1027319794
2023-12-21 21:57:22.708 INFO [restartedMain:c.a.n.c.r.client] [dc303019-43da-49fe-a595-14ed5d71bff2_config-0] Registry connection listener to current client:com.alibaba.nacos.client.config.impl.ClientWorker$ConfigRpcTransportClient$1
2023-12-21 21:57:22.708 INFO [restartedMain:c.a.n.c.r.client] [dc303019-43da-49fe-a595-14ed5d71bff2_config-0] RpcClient init, ServerListFactory = com.alibaba.nacos.client.config.impl.ClientWorker$ConfigRpcTransportClient$2
2023-12-21 21:57:22.713 INFO [restartedMain:c.a.n.c.r.client] [dc303019-43da-49fe-a595-14ed5d71bff2_config-0] Try to connect to server on start up, server: {serverIp = 'localhost', server main port = 8848}
2023-12-21 21:57:24.145 ERROR [nacos-grpc-client-executor-localhost-5:c.a.n.c.r.c.g.GrpcClient] [1703167044079_127.0.0.1_51795]Error to process server push response: {"headers":{},"abilityTable":{"supportPersistentInstanceByGrpc":true},"module":"internal"}
2023-12-21 21:57:24.246 INFO [restartedMain:c.a.n.c.r.client] [dc303019-43da-49fe-a595-14ed5d71bff2_config-0] Success to connect to server [localhost:8848] on start up, connectionId = 1703167044079_127.0.0.1_51795
2023-12-21 21:57:24.246 INFO [com.alibaba.nacos.client.remote.worker:c.a.n.c.r.client] [dc303019-43da-49fe-a595-14ed5d71bff2_config-0] Notify connected event to listeners.
2023-12-21 21:57:24.246 INFO [restartedMain:c.a.n.c.r.client] [dc303019-43da-49fe-a595-14ed5d71bff2_config-0] Register server push request handler:com.alibaba.nacos.common.remote.client.RpcClient$ConnectResetRequestHandler
2023-12-21 21:57:24.247 INFO [restartedMain:c.a.n.c.r.client] [dc303019-43da-49fe-a595-14ed5d71bff2_config-0] Register server push request handler:com.alibaba.nacos.common.remote.client.RpcClient$$Lambda$716/687962114
2023-12-21 21:57:37.496 INFO [restartedMain:c.a.n.c.r.client] [RpcClientFactory] create a new rpc client of 3d951a2a-f4f7-40a8-bff3-daa0273405b5_config-0
2023-12-21 21:57:37.551 INFO [restartedMain:c.a.n.c.r.client] [3d951a2a-f4f7-40a8-bff3-daa0273405b5_config-0] RpcClient init label, labels = {module=config, Vipserver-Tag=null, source=sdk, Amory-Tag=null, Location-Tag=null, taskId=0, AppName=unknown}
2023-12-21 21:57:37.551 INFO [restartedMain:c.a.n.c.r.client] [3d951a2a-f4f7-40a8-bff3-daa0273405b5_config-0] Register server push request handler:com.alibaba.nacos.client.config.impl.ClientWorker$ConfigRpcTransportClient$$Lambda$716/817082760
2023-12-21 21:57:37.551 INFO [restartedMain:c.a.n.c.r.client] [3d951a2a-f4f7-40a8-bff3-daa0273405b5_config-0] Register server push request handler:com.alibaba.nacos.client.config.impl.ClientWorker$ConfigRpcTransportClient$$Lambda$717/1360300006
2023-12-21 21:57:37.552 INFO [restartedMain:c.a.n.c.r.client] [3d951a2a-f4f7-40a8-bff3-daa0273405b5_config-0] Registry connection listener to current client:com.alibaba.nacos.client.config.impl.ClientWorker$ConfigRpcTransportClient$1
2023-12-21 21:57:37.552 INFO [restartedMain:c.a.n.c.r.client] [3d951a2a-f4f7-40a8-bff3-daa0273405b5_config-0] RpcClient init, ServerListFactory = com.alibaba.nacos.client.config.impl.ClientWorker$ConfigRpcTransportClient$2
2023-12-21 21:57:37.557 INFO [restartedMain:c.a.n.c.r.client] [3d951a2a-f4f7-40a8-bff3-daa0273405b5_config-0] Try to connect to server on start up, server: {serverIp = 'localhost', server main port = 8848}
2023-12-21 21:57:39.000 ERROR [nacos-grpc-client-executor-localhost-5:c.a.n.c.r.c.g.GrpcClient] [1703167058929_127.0.0.1_51861]Error to process server push response: {"headers":{},"abilityTable":{"supportPersistentInstanceByGrpc":true},"module":"internal"}
2023-12-21 21:57:39.105 INFO [restartedMain:c.a.n.c.r.client] [3d951a2a-f4f7-40a8-bff3-daa0273405b5_config-0] Success to connect to server [localhost:8848] on start up, connectionId = 1703167058929_127.0.0.1_51861
2023-12-21 21:57:39.105 INFO [com.alibaba.nacos.client.remote.worker:c.a.n.c.r.client] [3d951a2a-f4f7-40a8-bff3-daa0273405b5_config-0] Notify connected event to listeners.
2023-12-21 21:57:39.105 INFO [restartedMain:c.a.n.c.r.client] [3d951a2a-f4f7-40a8-bff3-daa0273405b5_config-0] Register server push request handler:com.alibaba.nacos.common.remote.client.RpcClient$ConnectResetRequestHandler
2023-12-21 21:57:39.106 INFO [restartedMain:c.a.n.c.r.client] [3d951a2a-f4f7-40a8-bff3-daa0273405b5_config-0] Register server push request handler:com.alibaba.nacos.common.remote.client.RpcClient$$Lambda$725/1488403120
2023-12-21 21:58:18.280 INFO [restartedMain:c.a.n.c.r.client] [RpcClientFactory] create a new rpc client of fb048c0a-161b-48f8-a04a-ec981ab453a7_config-0
2023-12-21 21:58:18.333 INFO [restartedMain:c.a.n.c.r.client] [fb048c0a-161b-48f8-a04a-ec981ab453a7_config-0] RpcClient init label, labels = {module=config, Vipserver-Tag=null, source=sdk, Amory-Tag=null, Location-Tag=null, taskId=0, AppName=unknown}
2023-12-21 21:58:18.334 INFO [restartedMain:c.a.n.c.r.client] [fb048c0a-161b-48f8-a04a-ec981ab453a7_config-0] Register server push request handler:com.alibaba.nacos.client.config.impl.ClientWorker$ConfigRpcTransportClient$$Lambda$714/1430369346
2023-12-21 21:58:18.334 INFO [restartedMain:c.a.n.c.r.client] [fb048c0a-161b-48f8-a04a-ec981ab453a7_config-0] Register server push request handler:com.alibaba.nacos.client.config.impl.ClientWorker$ConfigRpcTransportClient$$Lambda$715/495849431
2023-12-21 21:58:18.334 INFO [restartedMain:c.a.n.c.r.client] [fb048c0a-161b-48f8-a04a-ec981ab453a7_config-0] Registry connection listener to current client:com.alibaba.nacos.client.config.impl.ClientWorker$ConfigRpcTransportClient$1
2023-12-21 21:58:18.335 INFO [restartedMain:c.a.n.c.r.client] [fb048c0a-161b-48f8-a04a-ec981ab453a7_config-0] RpcClient init, ServerListFactory = com.alibaba.nacos.client.config.impl.ClientWorker$ConfigRpcTransportClient$2
2023-12-21 21:58:18.340 INFO [restartedMain:c.a.n.c.r.client] [fb048c0a-161b-48f8-a04a-ec981ab453a7_config-0] Try to connect to server on start up, server: {serverIp = 'localhost', server main port = 8848}
2023-12-21 21:58:19.825 ERROR [nacos-grpc-client-executor-localhost-5:c.a.n.c.r.c.g.GrpcClient] [1703167099752_127.0.0.1_52134]Error to process server push response: {"headers":{},"abilityTable":{"supportPersistentInstanceByGrpc":true},"module":"internal"}
2023-12-21 21:58:19.931 INFO [restartedMain:c.a.n.c.r.client] [fb048c0a-161b-48f8-a04a-ec981ab453a7_config-0] Success to connect to server [localhost:8848] on start up, connectionId = 1703167099752_127.0.0.1_52134
2023-12-21 21:58:19.931 INFO [com.alibaba.nacos.client.remote.worker:c.a.n.c.r.client] [fb048c0a-161b-48f8-a04a-ec981ab453a7_config-0] Notify connected event to listeners.
2023-12-21 21:58:19.932 INFO [restartedMain:c.a.n.c.r.client] [fb048c0a-161b-48f8-a04a-ec981ab453a7_config-0] Register server push request handler:com.alibaba.nacos.common.remote.client.RpcClient$ConnectResetRequestHandler
2023-12-21 21:58:19.932 INFO [restartedMain:c.a.n.c.r.client] [fb048c0a-161b-48f8-a04a-ec981ab453a7_config-0] Register server push request handler:com.alibaba.nacos.common.remote.client.RpcClient$$Lambda$723/1097970108
2023-12-21 21:58:27.083 INFO [restartedMain:c.a.n.c.r.client] [RpcClientFactory] create a new rpc client of 28945ad0-db95-446a-b008-998014d4fa8b
2023-12-21 21:58:27.083 INFO [restartedMain:c.a.n.c.r.client] [28945ad0-db95-446a-b008-998014d4fa8b] RpcClient init label, labels = {module=naming, source=sdk}
2023-12-21 21:58:27.084 INFO [restartedMain:c.a.n.c.r.client] [28945ad0-db95-446a-b008-998014d4fa8b] RpcClient init, ServerListFactory = com.alibaba.nacos.client.naming.core.ServerListManager
2023-12-21 21:58:27.084 INFO [restartedMain:c.a.n.c.r.client] [28945ad0-db95-446a-b008-998014d4fa8b] Registry connection listener to current client:com.alibaba.nacos.client.naming.remote.gprc.redo.NamingGrpcRedoService
2023-12-21 21:58:27.084 INFO [restartedMain:c.a.n.c.r.client] [28945ad0-db95-446a-b008-998014d4fa8b] Register server push request handler:com.alibaba.nacos.client.naming.remote.gprc.NamingPushRequestHandler
2023-12-21 21:58:27.084 INFO [restartedMain:c.a.n.c.r.client] [28945ad0-db95-446a-b008-998014d4fa8b] Try to connect to server on start up, server: {serverIp = '127.0.0.1', server main port = 8848}
2023-12-21 21:58:27.092 ERROR [nacos-grpc-client-executor-127.0.0.1-3:c.a.n.c.r.c.g.GrpcClient] [1703167107088_127.0.0.1_52142]Error to process server push response: {"headers":{},"abilityTable":{"supportPersistentInstanceByGrpc":true},"module":"internal"}
2023-12-21 21:58:27.201 INFO [restartedMain:c.a.n.c.r.client] [28945ad0-db95-446a-b008-998014d4fa8b] Success to connect to server [127.0.0.1:8848] on start up, connectionId = 1703167107088_127.0.0.1_52142
2023-12-21 21:58:27.201 INFO [restartedMain:c.a.n.c.r.client] [28945ad0-db95-446a-b008-998014d4fa8b] Register server push request handler:com.alibaba.nacos.common.remote.client.RpcClient$ConnectResetRequestHandler
2023-12-21 21:58:27.201 INFO [restartedMain:c.a.n.c.r.client] [28945ad0-db95-446a-b008-998014d4fa8b] Register server push request handler:com.alibaba.nacos.common.remote.client.RpcClient$$Lambda$723/1097970108
2023-12-21 21:58:27.201 INFO [com.alibaba.nacos.client.remote.worker:c.a.n.c.r.client] [28945ad0-db95-446a-b008-998014d4fa8b] Notify connected event to listeners.
2023-12-21 21:58:29.409 INFO [restartedMain:c.a.n.c.r.client] [RpcClientFactory] create a new rpc client of e17e8533-5bd6-49c9-872e-70df226ee002
2023-12-21 21:58:29.409 INFO [restartedMain:c.a.n.c.r.client] [e17e8533-5bd6-49c9-872e-70df226ee002] RpcClient init label, labels = {module=naming, source=sdk}
2023-12-21 21:58:29.409 INFO [restartedMain:c.a.n.c.r.client] [e17e8533-5bd6-49c9-872e-70df226ee002] RpcClient init, ServerListFactory = com.alibaba.nacos.client.naming.core.ServerListManager
2023-12-21 21:58:29.409 INFO [restartedMain:c.a.n.c.r.client] [e17e8533-5bd6-49c9-872e-70df226ee002] Registry connection listener to current client:com.alibaba.nacos.client.naming.remote.gprc.redo.NamingGrpcRedoService
2023-12-21 21:58:29.409 INFO [restartedMain:c.a.n.c.r.client] [e17e8533-5bd6-49c9-872e-70df226ee002] Register server push request handler:com.alibaba.nacos.client.naming.remote.gprc.NamingPushRequestHandler
2023-12-21 21:58:29.410 INFO [restartedMain:c.a.n.c.r.client] [e17e8533-5bd6-49c9-872e-70df226ee002] Try to connect to server on start up, server: {serverIp = 'localhost', server main port = 8848}
2023-12-21 21:58:29.418 ERROR [nacos-grpc-client-executor-localhost-3:c.a.n.c.r.c.g.GrpcClient] [1703167109415_127.0.0.1_52272]Error to process server push response: {"headers":{},"abilityTable":{"supportPersistentInstanceByGrpc":true},"module":"internal"}
2023-12-21 21:58:29.529 INFO [restartedMain:c.a.n.c.r.client] [e17e8533-5bd6-49c9-872e-70df226ee002] Success to connect to server [localhost:8848] on start up, connectionId = 1703167109415_127.0.0.1_52272
2023-12-21 21:58:29.529 INFO [restartedMain:c.a.n.c.r.client] [e17e8533-5bd6-49c9-872e-70df226ee002] Register server push request handler:com.alibaba.nacos.common.remote.client.RpcClient$ConnectResetRequestHandler
2023-12-21 21:58:29.529 INFO [restartedMain:c.a.n.c.r.client] [e17e8533-5bd6-49c9-872e-70df226ee002] Register server push request handler:com.alibaba.nacos.common.remote.client.RpcClient$$Lambda$723/1097970108
2023-12-21 21:58:29.529 INFO [com.alibaba.nacos.client.remote.worker:c.a.n.c.r.client] [e17e8533-5bd6-49c9-872e-70df226ee002] Notify connected event to listeners.
2023-12-21 21:58:29.551 INFO [restartedMain:c.a.n.c.r.client] [RpcClientFactory] create a new rpc client of aa36bed6-4c6a-4728-aa99-b4afff703c89
2023-12-21 21:58:29.551 INFO [restartedMain:c.a.n.c.r.client] [aa36bed6-4c6a-4728-aa99-b4afff703c89] RpcClient init label, labels = {module=naming, source=sdk}
2023-12-21 21:58:29.551 INFO [restartedMain:c.a.n.c.r.client] [aa36bed6-4c6a-4728-aa99-b4afff703c89] RpcClient init, ServerListFactory = com.alibaba.nacos.client.naming.core.ServerListManager
2023-12-21 21:58:29.551 INFO [restartedMain:c.a.n.c.r.client] [aa36bed6-4c6a-4728-aa99-b4afff703c89] Registry connection listener to current client:com.alibaba.nacos.client.naming.remote.gprc.redo.NamingGrpcRedoService
2023-12-21 21:58:29.551 INFO [restartedMain:c.a.n.c.r.client] [aa36bed6-4c6a-4728-aa99-b4afff703c89] Register server push request handler:com.alibaba.nacos.client.naming.remote.gprc.NamingPushRequestHandler
2023-12-21 21:58:29.551 INFO [restartedMain:c.a.n.c.r.client] [aa36bed6-4c6a-4728-aa99-b4afff703c89] Try to connect to server on start up, server: {serverIp = 'localhost', server main port = 8848}
2023-12-21 21:58:29.557 ERROR [nacos-grpc-client-executor-localhost-4:c.a.n.c.r.c.g.GrpcClient] [1703167109554_127.0.0.1_52273]Error to process server push response: {"headers":{},"abilityTable":{"supportPersistentInstanceByGrpc":true},"module":"internal"}
2023-12-21 21:58:29.669 INFO [restartedMain:c.a.n.c.r.client] [aa36bed6-4c6a-4728-aa99-b4afff703c89] Success to connect to server [localhost:8848] on start up, connectionId = 1703167109554_127.0.0.1_52273
2023-12-21 21:58:29.669 INFO [restartedMain:c.a.n.c.r.client] [aa36bed6-4c6a-4728-aa99-b4afff703c89] Register server push request handler:com.alibaba.nacos.common.remote.client.RpcClient$ConnectResetRequestHandler
2023-12-21 21:58:29.669 INFO [restartedMain:c.a.n.c.r.client] [aa36bed6-4c6a-4728-aa99-b4afff703c89] Register server push request handler:com.alibaba.nacos.common.remote.client.RpcClient$$Lambda$723/1097970108
2023-12-21 21:58:29.669 INFO [com.alibaba.nacos.client.remote.worker:c.a.n.c.r.client] [aa36bed6-4c6a-4728-aa99-b4afff703c89] Notify connected event to listeners.
2023-12-21 21:58:29.694 INFO [restartedMain:c.a.n.c.r.client] [RpcClientFactory] create a new rpc client of 80ee3a4a-c560-45ee-a502-55230bc7e639_config-0
2023-12-21 21:58:29.694 INFO [restartedMain:c.a.n.c.r.client] [80ee3a4a-c560-45ee-a502-55230bc7e639_config-0] RpcClient init label, labels = {module=config, Vipserver-Tag=null, source=sdk, Amory-Tag=null, Location-Tag=null, taskId=0, AppName=unknown}
2023-12-21 21:58:29.694 INFO [restartedMain:c.a.n.c.r.client] [80ee3a4a-c560-45ee-a502-55230bc7e639_config-0] Register server push request handler:com.alibaba.nacos.client.config.impl.ClientWorker$ConfigRpcTransportClient$$Lambda$714/1430369346
2023-12-21 21:58:29.694 INFO [restartedMain:c.a.n.c.r.client] [80ee3a4a-c560-45ee-a502-55230bc7e639_config-0] Register server push request handler:com.alibaba.nacos.client.config.impl.ClientWorker$ConfigRpcTransportClient$$Lambda$715/495849431
2023-12-21 21:58:29.694 INFO [restartedMain:c.a.n.c.r.client] [80ee3a4a-c560-45ee-a502-55230bc7e639_config-0] Registry connection listener to current client:com.alibaba.nacos.client.config.impl.ClientWorker$ConfigRpcTransportClient$1
2023-12-21 21:58:29.694 INFO [restartedMain:c.a.n.c.r.client] [80ee3a4a-c560-45ee-a502-55230bc7e639_config-0] RpcClient init, ServerListFactory = com.alibaba.nacos.client.config.impl.ClientWorker$ConfigRpcTransportClient$2
2023-12-21 21:58:29.694 INFO [restartedMain:c.a.n.c.r.client] [80ee3a4a-c560-45ee-a502-55230bc7e639_config-0] Try to connect to server on start up, server: {serverIp = 'localhost', server main port = 8848}
2023-12-21 21:58:29.700 ERROR [nacos-grpc-client-executor-localhost-4:c.a.n.c.r.c.g.GrpcClient] [1703167109697_127.0.0.1_52274]Error to process server push response: {"headers":{},"abilityTable":{"supportPersistentInstanceByGrpc":true},"module":"internal"}
2023-12-21 21:58:29.809 INFO [restartedMain:c.a.n.c.r.client] [80ee3a4a-c560-45ee-a502-55230bc7e639_config-0] Success to connect to server [localhost:8848] on start up, connectionId = 1703167109697_127.0.0.1_52274
2023-12-21 21:58:29.809 INFO [restartedMain:c.a.n.c.r.client] [80ee3a4a-c560-45ee-a502-55230bc7e639_config-0] Register server push request handler:com.alibaba.nacos.common.remote.client.RpcClient$ConnectResetRequestHandler
2023-12-21 21:58:29.809 INFO [restartedMain:c.a.n.c.r.client] [80ee3a4a-c560-45ee-a502-55230bc7e639_config-0] Register server push request handler:com.alibaba.nacos.common.remote.client.RpcClient$$Lambda$723/1097970108
2023-12-21 21:58:29.809 INFO [com.alibaba.nacos.client.remote.worker:c.a.n.c.r.client] [80ee3a4a-c560-45ee-a502-55230bc7e639_config-0] Notify connected event to listeners.
2023-12-21 21:58:30.200 INFO [nacos-grpc-client-executor-localhost-13:c.a.n.c.r.client] [aa36bed6-4c6a-4728-aa99-b4afff703c89] Receive server push request, request = NotifySubscriberRequest, requestId = 89
2023-12-21 21:58:30.200 INFO [nacos-grpc-client-executor-localhost-13:c.a.n.c.r.client] [aa36bed6-4c6a-4728-aa99-b4afff703c89] Ack server push request, request = NotifySubscriberRequest, requestId = 89
2023-12-21 21:58:30.202 INFO [nacos-grpc-client-executor-localhost-14:c.a.n.c.r.client] [aa36bed6-4c6a-4728-aa99-b4afff703c89] Receive server push request, request = NotifySubscriberRequest, requestId = 90
2023-12-21 21:58:30.202 INFO [nacos-grpc-client-executor-localhost-14:c.a.n.c.r.client] [aa36bed6-4c6a-4728-aa99-b4afff703c89] Ack server push request, request = NotifySubscriberRequest, requestId = 90
2023-12-21 21:58:30.419 INFO [nacos-grpc-client-executor-localhost-17:c.a.n.c.r.client] [aa36bed6-4c6a-4728-aa99-b4afff703c89] Receive server push request, request = NotifySubscriberRequest, requestId = 91
2023-12-21 21:58:30.421 INFO [nacos-grpc-client-executor-localhost-17:c.a.n.c.r.client] [aa36bed6-4c6a-4728-aa99-b4afff703c89] Ack server push request, request = NotifySubscriberRequest, requestId = 91
2023-12-21 21:58:30.422 INFO [nacos-grpc-client-executor-localhost-18:c.a.n.c.r.client] [aa36bed6-4c6a-4728-aa99-b4afff703c89] Receive server push request, request = NotifySubscriberRequest, requestId = 92
2023-12-21 21:58:30.422 INFO [nacos-grpc-client-executor-localhost-18:c.a.n.c.r.client] [aa36bed6-4c6a-4728-aa99-b4afff703c89] Ack server push request, request = NotifySubscriberRequest, requestId = 92
2023-12-21 21:58:30.641 INFO [nacos-grpc-client-executor-localhost-6:c.a.n.c.r.client] [e17e8533-5bd6-49c9-872e-70df226ee002] Receive server push request, request = NotifySubscriberRequest, requestId = 93
2023-12-21 21:58:30.642 INFO [nacos-grpc-client-executor-localhost-6:c.a.n.c.r.client] [e17e8533-5bd6-49c9-872e-70df226ee002] Ack server push request, request = NotifySubscriberRequest, requestId = 93
2023-12-21 21:58:30.861 INFO [nacos-grpc-client-executor-localhost-24:c.a.n.c.r.client] [aa36bed6-4c6a-4728-aa99-b4afff703c89] Receive server push request, request = NotifySubscriberRequest, requestId = 94
2023-12-21 21:58:30.862 INFO [nacos-grpc-client-executor-localhost-24:c.a.n.c.r.client] [aa36bed6-4c6a-4728-aa99-b4afff703c89] Ack server push request, request = NotifySubscriberRequest, requestId = 94
2023-12-21 21:58:30.863 INFO [nacos-grpc-client-executor-localhost-25:c.a.n.c.r.client] [aa36bed6-4c6a-4728-aa99-b4afff703c89] Receive server push request, request = NotifySubscriberRequest, requestId = 95
2023-12-21 21:58:30.863 INFO [nacos-grpc-client-executor-localhost-25:c.a.n.c.r.client] [aa36bed6-4c6a-4728-aa99-b4afff703c89] Ack server push request, request = NotifySubscriberRequest, requestId = 95
2023-12-21 21:58:31.298 INFO [nacos-grpc-client-executor-localhost-33:c.a.n.c.r.client] [aa36bed6-4c6a-4728-aa99-b4afff703c89] Receive server push request, request = NotifySubscriberRequest, requestId = 96
2023-12-21 21:58:31.298 INFO [nacos-grpc-client-executor-localhost-9:c.a.n.c.r.client] [e17e8533-5bd6-49c9-872e-70df226ee002] Receive server push request, request = NotifySubscriberRequest, requestId = 97
2023-12-21 21:58:31.298 INFO [nacos-grpc-client-executor-localhost-33:c.a.n.c.r.client] [aa36bed6-4c6a-4728-aa99-b4afff703c89] Ack server push request, request = NotifySubscriberRequest, requestId = 96
2023-12-21 21:58:31.300 INFO [nacos-grpc-client-executor-localhost-9:c.a.n.c.r.client] [e17e8533-5bd6-49c9-872e-70df226ee002] Ack server push request, request = NotifySubscriberRequest, requestId = 97
